{"level":"info","message":"11/3/2023 - /api/users - POST"}
{"level":"info","message":"11/3/2023 - /api/users - POST"}
{"level":"info","message":"11/3/2023 - /api/users - POST"}
{"level":"info","message":"11/3/2023 - /api/users - POST"}
{"level":"info","message":"11/3/2023 - /api/users - POST"}
{"level":"info","message":"11/3/2023 - /api/users - POST"}
{"level":"info","message":"11/3/2023 - /api/users - POST"}
{"level":"info","message":"11/3/2023 - /api/users - POST"}
{"level":"info","message":"11/3/2023 - /api/users - POST"}
{"level":"info","message":"11/3/2023 - /api/users - POST"}
{"level":"info","message":"11/3/2023 - /api/users/ - POST"}
{"level":"info","message":"11/3/2023 - /api/users/ - POST"}
{"level":"info","message":"11/3/2023 - /api/users/ - POST"}
{"level":"info","message":"11/3/2023 - /api/users/ - POST"}
{"level":"info","message":"11/3/2023 - /api/users/ - POST"}
{"level":"info","message":"11/3/2023 - /api/users/ - POST"}
{"level":"info","message":"11/3/2023 - /api/users/ - POST"}
{"level":"info","message":"11/3/2023 - /api/users/ - POST"}
{"level":"info","message":"11/3/2023 - /api/users/ - POST"}
{"level":"info","message":"11/3/2023 - /api/users/ - POST"}
{"level":"info","message":"11/3/2023 - /api/users/ - POST"}
{"level":"info","message":"11/3/2023 - /api/users/ - POST"}
{"level":"info","message":"11/3/2023 - /api/users/ - POST"}
{"level":"info","message":"11/3/2023 - /api/users - GET"}
{"level":"info","message":"11/3/2023 - /api/users - GET"}
{"level":"info","message":"11/3/2023 - /api/users - GET"}
{"level":"info","message":"11/3/2023 - /api/users - GET"}
{"level":"info","message":"11/3/2023 - /api/users - GET"}
{"level":"info","message":"11/3/2023 - /api/users - GET"}
{"level":"info","message":"11/3/2023 - /api/users - GET"}
{"level":"info","message":"11/3/2023 - /api/users - GET"}
{"level":"info","message":"11/3/2023 - /api/users - GET"}
{"level":"info","message":"11/3/2023 - /api/users - GET"}
{"level":"info","message":"11/3/2023 - /api/users - GET"}
{"level":"info","message":"11/3/2023 - /api/users - GET"}
{"level":"info","message":"11/3/2023 - /api/users - GET"}
{"level":"info","message":"11/3/2023 - /api/users - GET"}
{"level":"info","message":"11/3/2023 - /api/users - GET"}
{"level":"info","message":"11/3/2023 - /api/users - GET"}
{"level":"info","message":"11/3/2023 - /api/users - GET"}
{"level":"info","message":"11/3/2023 - /api/users - GET"}
{"level":"info","message":"11/3/2023 - /api/users/ - POST"}
{"level":"info","message":"11/3/2023 - /api/users - GET"}
{"level":"info","message":"11/3/2023 - /api/users - GET"}
{"level":"info","message":"11/3/2023 - /api/users - GET"}
{"level":"info","message":"11/3/2023 - /api/users - GET"}
{"level":"info","message":"11/3/2023 - /api/users - GET"}
{"level":"info","message":"11/3/2023 - /api/users - GET"}
{"level":"info","message":"11/3/2023 - /api/users - GET"}
{"level":"info","message":"11/3/2023 - /api/users - GET"}
{"level":"info","message":"11/3/2023 - /api/users/ - POST"}
{"level":"info","message":"11/3/2023 - /api/users - GET"}
{"level":"info","message":"11/3/2023 - /api/users - GET"}
{"level":"info","message":"11/3/2023 - /api/users - GET"}
{"level":"info","message":"11/3/2023 - /api/users - GET"}
{"level":"info","message":"11/3/2023 - /api/users/ - POST"}
{"level":"info","message":"11/3/2023 - /api/users - GET"}
{"level":"info","message":"11/3/2023 - /api/users - GET"}
{"level":"info","message":"11/3/2023 - /api/users - GET"}
{"level":"info","message":"11/3/2023 - /api/users - GET"}
{"level":"info","message":"11/3/2023 - /api/users - GET"}
{"level":"info","message":"11/3/2023 - /api/users - GET"}
{"level":"info","message":"11/3/2023 - /api/users - GET"}
{"level":"info","message":"11/3/2023 - /api/users - GET"}
{"level":"info","message":"11/3/2023 - /api/users/ - POST"}
{"level":"info","message":"11/3/2023 - /api/users - GET"}
{"level":"info","message":"11/3/2023 - /api/users - GET"}
{"level":"info","message":"11/3/2023 - /api/users - GET"}
{"level":"info","message":"11/3/2023 - /api/users - GET"}
{"level":"info","message":"11/3/2023 - /api/users - GET"}
{"level":"info","message":"11/6/2023 - /api/users - GET"}
{"level":"info","message":"11/6/2023 - /api/users - GET"}
{"level":"info","message":"11/6/2023 - /api/users/ - POST"}
{"level":"info","message":"11/6/2023 - /api/users - GET"}
{"level":"info","message":"11/6/2023 - /api/users - GET"}
{"level":"info","message":"11/6/2023 - /api/users - GET"}
{"level":"info","message":"11/6/2023 - /api/users - GET"}
{"level":"info","message":"11/6/2023 - /api/users - GET"}
{"level":"info","message":"11/6/2023 - /api/users/c7c8ee52-8c2f-401e-b5ee-875b15e2a77f - PUT"}
{"level":"info","message":"11/6/2023 - /api/users/c7c8ee52-8c2f-401e-b5ee-875b15e2a77f - PUT"}
{"level":"info","message":"11/6/2023 - /api/users/c7c8ee52-8c2f-401e-b5ee-875b15e2a77f - PUT"}
{"level":"info","message":"11/6/2023 - /api/users/c7c8ee52-8c2f-401e-b5ee-875b15e2a77f - PUT"}
{"level":"info","message":"11/6/2023 - /api/users/c7c8ee52-8c2f-401e-b5ee-875b15e2a77f - PUT"}
{"level":"info","message":"11/6/2023 - /api/users/c7c8ee52-8c2f-401e-b5ee-875b15e2a77f - PUT"}
{"level":"info","message":"11/6/2023 - /api/users - GET"}
{"level":"info","message":"11/6/2023 - /api/users - GET"}
{"level":"info","message":"11/6/2023 - /api/users - GET"}
{"level":"info","message":"11/6/2023 - /api/users/c7c8ee52-8c2f-401e-b5ee-875b15e2a77f - PUT"}
{"level":"info","message":"11/6/2023 - /api/users - GET"}
{"level":"info","message":"11/6/2023 - /api/users - GET"}
{"level":"info","message":"11/6/2023 - /api/users - GET"}
{"level":"info","message":"11/6/2023 - /api/users - GET"}
{"level":"info","message":"11/6/2023 - /api/users - GET"}
{"level":"info","message":"11/6/2023 - /api/users - GET"}
{"level":"info","message":"11/6/2023 - /api/users - GET"}
{"level":"info","message":"11/6/2023 - /api/users - GET"}
{"level":"info","message":"11/6/2023 - /api/users - GET"}
{"level":"info","message":"11/6/2023 - /api/users - GET"}
{"level":"info","message":"11/6/2023 - /api/users - GET"}
{"level":"info","message":"11/6/2023 - /api/users - GET"}
{"level":"info","message":"11/6/2023 - /favicon.ico - GET"}
{"level":"info","message":"11/6/2023 - /api/users - GET"}
{"level":"info","message":"11/6/2023 - /api/users - GET"}
{"level":"info","message":"11/6/2023 - /api/users - GET"}
{"level":"info","message":"11/6/2023 - /api/users - GET"}
{"level":"info","message":"11/6/2023 - /api/users - GET"}
{"level":"info","message":"11/6/2023 - /api/users - GET"}
{"level":"info","message":"11/6/2023 - /api/users - GET"}
{"level":"info","message":"11/6/2023 - /api/users - GET"}
{"level":"info","message":"11/6/2023 - /api/users - GET"}
{"level":"info","message":"11/6/2023 - /api/users - GET"}
{"level":"info","message":"11/6/2023 - /api/users - GET"}
{"level":"info","message":"11/6/2023 - /api/users - GET"}
{"level":"info","message":"11/6/2023 - /api/users - GET"}
{"level":"info","message":"11/6/2023 - /api/users - GET"}
{"level":"info","message":"11/6/2023 - /api/users - GET"}
{"level":"info","message":"11/6/2023 - /api/users - GET"}
{"level":"info","message":"11/6/2023 - /api/users - GET"}
{"level":"info","message":"11/6/2023 - /api/users - GET"}
{"level":"info","message":"11/6/2023 - /api/users - GET"}
{"level":"info","message":"11/6/2023 - /api/users - GET"}
{"level":"info","message":"11/6/2023 - /api/users - GET"}
{"level":"info","message":"11/6/2023 - /api/users - GET"}
{"level":"info","message":"11/6/2023 - /api/users - GET"}
{"level":"info","message":"11/6/2023 - /api/users/ - PUT"}
{"level":"info","message":"11/6/2023 - /api/users - GET"}
{"level":"info","message":"11/6/2023 - /api/users/123 - PUT"}
{"level":"info","message":"11/6/2023 - /api/users - GET"}
{"level":"info","message":"11/6/2023 - /api/users/123 - PUT"}
{"level":"info","message":"11/6/2023 - /api/users/123 - PUT"}
{"level":"info","message":"11/6/2023 - /api/users - GET"}
{"level":"info","message":"11/6/2023 - /api/users - GET"}
{"level":"info","message":"11/6/2023 - /api/users - GET"}
{"level":"info","message":"11/6/2023 - /api/users - GET"}
{"level":"info","message":"11/6/2023 - /api/users - GET"}
{"level":"info","message":"11/6/2023 - /api/users - GET"}
{"level":"info","message":"11/6/2023 - /api/users - GET"}
{"level":"info","message":"11/6/2023 - /api/users - GET"}
{"level":"info","message":"11/6/2023 - /api/users - GET"}
{"level":"info","message":"11/6/2023 - /api/users - GET"}
{"level":"info","message":"11/6/2023 - /api/users - GET"}
{"level":"info","message":"11/6/2023 - /api/users - GET"}
{"level":"info","message":"11/6/2023 - /api/users - GET"}
{"level":"info","message":"11/6/2023 - /api/users - GET"}
{"level":"info","message":"11/6/2023 - /api/users - GET"}
{"level":"info","message":"11/6/2023 - /api/users - GET"}
{"level":"info","message":"11/6/2023 - /api/users - GET"}
{"level":"info","message":"11/6/2023 - /api/users - GET"}
{"level":"info","message":"11/6/2023 - /api/users - GET"}
{"level":"info","message":"11/6/2023 - /api/users - GET"}
{"level":"info","message":"11/6/2023 - /api/users - GET"}
{"level":"info","message":"11/6/2023 - /api/users - GET"}
{"level":"info","message":"11/6/2023 - /api/users - GET"}
{"level":"info","message":"11/6/2023 - /api/users - GET"}
{"level":"info","message":"11/6/2023 - /api/users - GET"}
{"level":"info","message":"11/6/2023 - /api/users - GET"}
{"level":"info","message":"11/6/2023 - /api/users - GET"}
{"level":"info","message":"11/6/2023 - /api/users - GET"}
{"level":"info","message":"11/6/2023 - /api/users/ - POST"}
{"level":"info","message":"11/6/2023 - /api/users - GET"}
{"level":"info","message":"11/6/2023 - /api/users/4f48a3a5-1137-431d-b7ab-baa612d63ea1 - PUT"}
{"level":"info","message":"11/6/2023 - /api/users - GET"}
{"level":"info","message":"11/6/2023 - /api/users - GET"}
{"level":"info","message":"11/6/2023 - /api/users - GET"}
{"level":"info","message":"11/6/2023 - /api/users - GET"}
{"level":"info","message":"11/6/2023 - /api/users - GET"}
{"level":"info","message":"11/6/2023 - /api/users - GET"}
{"level":"info","message":"11/6/2023 - /api/users - GET"}
{"level":"info","message":"11/6/2023 - /api/users - GET"}
{"level":"info","message":"11/6/2023 - /api/users - GET"}
{"level":"info","message":"11/6/2023 - /api/users - GET"}
{"level":"info","message":"11/6/2023 - /api/users - GET"}
{"level":"info","message":"11/6/2023 - /api/users - GET"}
{"level":"info","message":"11/6/2023 - /api/users - GET"}
{"level":"info","message":"11/6/2023 - /api/users - GET"}
{"level":"info","message":"11/6/2023 - /api/users - GET"}
{"level":"info","message":"11/6/2023 - /api/users - GET"}
{"level":"info","message":"11/6/2023 - /api/users - GET"}
{"level":"info","message":"11/6/2023 - /api/users - GET"}
{"level":"info","message":"11/6/2023 - /api/users - GET"}
{"level":"info","message":"11/6/2023 - /api/users - GET"}
{"level":"info","message":"11/6/2023 - /api/users - GET"}
{"level":"info","message":"11/6/2023 - /api/users - GET"}
{"level":"info","message":"11/6/2023 - /api/users - GET"}
{"level":"info","message":"11/6/2023 - /api/users - GET"}
{"level":"info","message":"11/6/2023 - /api/users - GET"}
{"level":"info","message":"11/6/2023 - /api/users - GET"}
{"level":"info","message":"11/6/2023 - /api/users - GET"}
{"level":"info","message":"11/6/2023 - /api/users - GET"}
{"level":"info","message":"11/6/2023 - /api/users - GET"}
{"level":"info","message":"11/6/2023 - /api/users - GET"}
{"level":"info","message":"11/6/2023 - /api/users - GET"}
{"level":"info","message":"11/6/2023 - /api/users - GET"}
{"level":"info","message":"11/6/2023 - /api/users - GET"}
{"level":"info","message":"11/6/2023 - /api/users - GET"}
{"level":"info","message":"11/6/2023 - /api/users - GET"}
{"level":"info","message":"11/6/2023 - /api/users - GET"}
{"level":"info","message":"11/6/2023 - /api/users - GET"}
{"level":"info","message":"11/6/2023 - /api/users - GET"}
{"level":"info","message":"11/6/2023 - /api/users - GET"}
{"level":"info","message":"11/6/2023 - /api/users - GET"}
{"level":"info","message":"11/6/2023 - /api/users - GET"}
{"level":"info","message":"11/6/2023 - /api/users - GET"}
{"level":"info","message":"11/6/2023 - /api/users - GET"}
{"level":"info","message":"11/6/2023 - /api/users - GET"}
{"level":"info","message":"11/6/2023 - /api/users - GET"}
{"level":"info","message":"11/6/2023 - /api/users - GET"}
{"level":"info","message":"11/6/2023 - /api/users - GET"}
{"level":"info","message":"11/6/2023 - /api/users - GET"}
{"level":"info","message":"11/6/2023 - /api/users - GET"}
{"level":"info","message":"11/6/2023 - /api/users - GET"}
{"level":"info","message":"11/6/2023 - /api/users - GET"}
{"level":"info","message":"11/6/2023 - /api/users - GET"}
{"level":"info","message":"11/6/2023 - /api/users - GET"}
{"level":"info","message":"11/6/2023 - /api/users - GET"}
{"level":"info","message":"11/6/2023 - /api/users - GET"}
{"level":"info","message":"11/6/2023 - /api/users - GET"}
{"level":"info","message":"11/6/2023 - /api/users - GET"}
{"level":"info","message":"11/6/2023 - /api/users - GET"}
{"level":"info","message":"11/6/2023 - /api/users - GET"}
{"level":"info","message":"11/6/2023 - /api/users - GET"}
{"level":"info","message":"11/6/2023 - /api/users/53fe4d9b-c7a1-49d2-a24d-07f8b7c5d851 - PUT"}
{"level":"info","message":"11/6/2023 - /api/users - GET"}
{"level":"info","message":"11/6/2023 - /api/users - GET"}
{"level":"info","message":"11/6/2023 - /api/users/53fe4d9b-c7a1-49d2-a24d-07f8b7c5d851 - PUT"}
{"level":"info","message":"11/6/2023 - /api/users - GET"}
{"level":"info","message":"11/6/2023 - /api/users - GET"}
{"level":"info","message":"11/6/2023 - /api/users - GET"}
{"level":"info","message":"11/6/2023 - /api/users/53fe4d9b-c7a1-49d2-a24d-07f8b7c5d851 - PUT"}
{"level":"info","message":"11/6/2023 - /api/users - GET"}
{"level":"info","message":"11/6/2023 - /api/users - GET"}
{"level":"info","message":"11/6/2023 - /api/users - GET"}
{"level":"info","message":"11/6/2023 - /api/users/123 - PUT"}
{"level":"info","message":"11/6/2023 - /api/users - GET"}
{"level":"info","message":"11/6/2023 - /api/users - GET"}
{"level":"info","message":"11/6/2023 - /api/users - GET"}
{"level":"info","message":"11/6/2023 - /api/users - GET"}
{"level":"info","message":"11/6/2023 - /api/users - GET"}
{"level":"info","message":"11/6/2023 - /api/users - GET"}
{"level":"info","message":"11/6/2023 - /api/users - GET"}
{"level":"info","message":"11/6/2023 - /api/users/456 - DELETE"}
{"level":"info","message":"11/6/2023 - /api/users - GET"}
{"level":"info","message":"11/6/2023 - /api/users - GET"}
{"level":"info","message":"11/6/2023 - /api/users - GET"}
{"level":"info","message":"11/6/2023 - /api/users - GET"}
{"level":"info","message":"11/6/2023 - /api/users - GET"}
{"level":"info","message":"11/6/2023 - /api/users/dc3ee427-0e8d-4366-9cab-adff28a7f6f8 - DELETE"}
{"level":"info","message":"11/6/2023 - /api/users - GET"}
{"level":"info","message":"11/6/2023 - /api/users/ - POST"}
{"level":"info","message":"11/6/2023 - /api/users - GET"}
